[debug] [2022-06-24T05:59:17.020Z] ----------------------------------------------------------------------
[debug] [2022-06-24T05:59:17.023Z] Command:       C:\Program Files\nodejs\node.exe C:\Users\SKCT\AppData\Roaming\npm\node_modules\firebase-tools\lib\bin\firebase.js init
[debug] [2022-06-24T05:59:17.024Z] CLI Version:   11.1.0
[debug] [2022-06-24T05:59:17.024Z] Platform:      win32
[debug] [2022-06-24T05:59:17.024Z] Node Version:  v16.13.1
[debug] [2022-06-24T05:59:17.026Z] Time:          Fri Jun 24 2022 11:59:17 GMT+0600 (Bangladesh Standard Time)
[debug] [2022-06-24T05:59:17.026Z] ----------------------------------------------------------------------
[debug] 
[debug] [2022-06-24T05:59:17.132Z] > command requires scopes: ["email","openid","https://www.googleapis.com/auth/cloudplatformprojects.readonly","https://www.googleapis.com/auth/firebase","https://www.googleapis.com/auth/cloud-platform"]
[debug] [2022-06-24T05:59:17.132Z] > authorizing via signed-in user (alamin.education1997@gmail.com)
[info] 
     ######## #### ########  ######## ########     ###     ######  ########
     ##        ##  ##     ## ##       ##     ##  ##   ##  ##       ##
     ######    ##  ########  ######   ########  #########  ######  ######
     ##        ##  ##    ##  ##       ##     ## ##     ##       ## ##
     ##       #### ##     ## ######## ########  ##     ##  ######  ########

You're about to initialize a Firebase project in this directory:

  D:\Job-Task\redonion\redonions

Before we get started, keep in mind:

  * You are initializing within an existing Firebase project directory

[info] 
=== Project Setup
[info] 
[info] First, let's associate this project directory with a Firebase project.
[info] You can create multiple project aliases by running firebase use --add, 
[info] but for now we'll just set up a default project.
[info] 
[debug] [2022-06-24T05:59:28.188Z] Using project from CLI flag: redonion-tailwind
[debug] [2022-06-24T05:59:28.193Z] >>> [apiv2][query] GET https://firebase.googleapis.com/v1beta1/projects/redonion-tailwind [none]
[debug] [2022-06-24T05:59:28.713Z] <<< [apiv2][status] GET https://firebase.googleapis.com/v1beta1/projects/redonion-tailwind 403
[debug] [2022-06-24T05:59:28.713Z] <<< [apiv2][body] GET https://firebase.googleapis.com/v1beta1/projects/redonion-tailwind {"error":{"code":403,"message":"The caller does not have permission","status":"PERMISSION_DENIED"}}
[debug] [2022-06-24T05:59:28.714Z] HTTP Error: 403, The caller does not have permission
[debug] [2022-06-24T05:59:28.894Z] FirebaseError: HTTP Error: 403, The caller does not have permission
    at responseToError (C:\Users\SKCT\AppData\Roaming\npm\node_modules\firebase-tools\lib\responseToError.js:49:12)
    at RetryOperation._fn (C:\Users\SKCT\AppData\Roaming\npm\node_modules\firebase-tools\lib\apiv2.js:287:77)
    at processTicksAndRejections (node:internal/process/task_queues:96:5)
[error] 
[error] Error: Failed to get Firebase project redonion-tailwind. Please make sure the project exists and your account has permission to access it.
